<?xml version="1.0" encoding="UTF-8"?>
<testng-results ignored="0" total="1" passed="1" failed="0" skipped="0">
  <reporter-output>
  </reporter-output>
  <suite started-at="2023-01-29T13:19:55 IST" name="Default suite" finished-at="2023-01-29T13:19:55 IST" duration-ms="38">
    <groups>
    </groups>
    <test started-at="2023-01-29T13:19:55 IST" name="Default test" finished-at="2023-01-29T13:19:55 IST" duration-ms="38">
      <class name="Demo.Sample2Test">
        <test-method signature="d2()[pri:0, instance:Demo.Sample2Test@4b8ee4de]" started-at="2023-01-29T13:19:55 IST" name="d2" finished-at="2023-01-29T13:19:55 IST" duration-ms="7" status="PASS">
          <reporter-output>
          </reporter-output>
        </test-method> <!-- d2 -->
      </class> <!-- Demo.Sample2Test -->
    </test> <!-- Default test -->
  </suite> <!-- Default suite -->
</testng-results>
